<?xml version="1.0" encoding="UTF-8"?>
<robot generator="Robot 7.0.1 (Python 3.12.3 on win32)" generated="2024-08-09T09:20:09.622257" rpa="false" schemaversion="5">
<suite id="s1" name="AlertHandling" source="C:\Users\S Anil Kumar\virtual\Robotframeworkautomation\robot-framework-example\test_cases\AlertHandling.robot">
<test id="s1-t1" name="To Perform Select Option with Drop Down list" line="9">
<kw name="Lunch Browser">
<kw name="Open Browser" owner="SeleniumLibrary">
<msg time="2024-08-09T09:20:09.999304" level="INFO">Opening browser 'chrome' to base url 'http://testautomationpractice.blogspot.com/'.</msg>
<arg>${url}</arg>
<arg>${browser}</arg>
<doc>Opens a new browser instance to the optional ``url``.</doc>
<status status="PASS" start="2024-08-09T09:20:09.999304" elapsed="7.784546"/>
</kw>
<kw name="Maximize Browser Window" owner="SeleniumLibrary">
<doc>Maximizes current browser window.</doc>
<status status="PASS" start="2024-08-09T09:20:17.783850" elapsed="0.054575"/>
</kw>
<status status="PASS" start="2024-08-09T09:20:09.999304" elapsed="7.839121"/>
</kw>
<kw name="Click Element" owner="SeleniumLibrary">
<msg time="2024-08-09T09:20:17.841965" level="INFO">Clicking element 'xpath://*[@id="HTML9"]/div[1]/button'.</msg>
<arg>xpath://*[@id="HTML9"]/div[1]/button</arg>
<doc>Click the element identified by ``locator``.</doc>
<status status="PASS" start="2024-08-09T09:20:17.841965" elapsed="0.078448"/>
</kw>
<kw name="Sleep" owner="BuiltIn">
<msg time="2024-08-09T09:20:19.920866" level="INFO">Slept 2 seconds.</msg>
<arg>2</arg>
<doc>Pauses the test executed for the given time.</doc>
<status status="PASS" start="2024-08-09T09:20:17.920413" elapsed="2.000453"/>
</kw>
<kw name="Alert Should Be Present" owner="SeleniumLibrary">
<msg time="2024-08-09T09:20:19.920866" level="INFO">HANDLE::&lt;class 'NoneType'&gt;::None</msg>
<msg time="2024-08-09T09:20:20.260189" level="INFO" html="true">&lt;/td&gt;&lt;/tr&gt;&lt;tr&gt;&lt;td colspan="3"&gt;&lt;a href="selenium-screenshot-1.png"&gt;&lt;img src="selenium-screenshot-1.png" width="800px"&gt;&lt;/a&gt;</msg>
<msg time="2024-08-09T09:20:20.260189" level="FAIL">Alert message should have been 'Press a button!' but it was 'I am an alert box!'.</msg>
<arg>Press a button!</arg>
<doc>Verifies that an alert is present and by default, accepts it.</doc>
<status status="FAIL" start="2024-08-09T09:20:19.920866" elapsed="0.371648">Alert message should have been 'Press a button!' but it was 'I am an alert box!'.</status>
</kw>
<kw name="Close All Browsers" owner="SeleniumLibrary">
<doc>Closes all open browsers and resets the browser cache.</doc>
<status status="NOT RUN" start="2024-08-09T09:20:20.292514" elapsed="0.000000"/>
</kw>
<status status="FAIL" start="2024-08-09T09:20:09.999304" elapsed="10.293210">Alert message should have been 'Press a button!' but it was 'I am an alert box!'.</status>
</test>
<status status="FAIL" start="2024-08-09T09:20:09.623661" elapsed="10.668853"/>
</suite>
<statistics>
<total>
<stat pass="0" fail="1" skip="0">All Tests</stat>
</total>
<tag>
</tag>
<suite>
<stat pass="0" fail="1" skip="0" id="s1" name="AlertHandling">AlertHandling</stat>
</suite>
</statistics>
<errors>
</errors>
</robot>
